<?xml version="1.0" encoding="UTF-8"?>
<!-- Generated by org.testng.reporters.JUnitXMLReporter -->
<testsuite ignored="0" hostname="LAP03" failures="1" tests="1" name="Test" time="0.026" errors="0" timestamp="2023-03-01T11:53:29 IST">
  <testcase classname="Practice.DataProviderExcel" name="readData" time="0.0">
    <failure type="org.testng.TestNGException" message="
Method public void Practice.DataProviderExcel.readData(java.lang.String,java.lang.String) requires a @DataProvider named : getdata">
      <![CDATA[org.testng.TestNGException: 
Method public void Practice.DataProviderExcel.readData(java.lang.String,java.lang.String) requires a @DataProvider named : getdata
at java.base/java.util.ArrayList.forEach(ArrayList.java:1511)
... Removed 24 stack frames]]>
    </failure>
  </testcase> <!-- readData -->
</testsuite> <!-- Test -->
